This is pdfTeX, Version 3.1415926-1.40.10 (TeX Live 2009/Debian) (format=pdflatex 2011.4.26)  12 MAY 2011 15:02
entering extended mode
 %&-line parsing enabled.
**\input no_noise_report.tex
(./no_noise_report.tex (/usr/share/texmf-texlive/tex/latex/base/article.cls
Document Class: article 2007/10/19 v1.4h Standard LaTeX document class
(/usr/share/texmf-texlive/tex/latex/base/size10.clo
File: size10.clo 2007/10/19 v1.4h Standard LaTeX file (size option)
)
\c@part=\count79
\c@section=\count80
\c@subsection=\count81
\c@subsubsection=\count82
\c@paragraph=\count83
\c@subparagraph=\count84
\c@figure=\count85
\c@table=\count86
\abovecaptionskip=\skip41
\belowcaptionskip=\skip42
\bibindent=\dimen102
)
(/usr/share/texmf-texlive/tex/latex/preprint/fullpage.sty
Package: fullpage 1999/02/23 1.1 (PWD)
\FP@margin=\skip43
)
(/usr/share/texmf-texlive/tex/latex/graphics/graphicx.sty
Package: graphicx 1999/02/16 v1.0f Enhanced LaTeX Graphics (DPC,SPQR)

(/usr/share/texmf-texlive/tex/latex/graphics/keyval.sty
Package: keyval 1999/03/16 v1.13 key=value parser (DPC)
\KV@toks@=\toks14
)
(/usr/share/texmf-texlive/tex/latex/graphics/graphics.sty
Package: graphics 2009/02/05 v1.0o Standard LaTeX Graphics (DPC,SPQR)

(/usr/share/texmf-texlive/tex/latex/graphics/trig.sty
Package: trig 1999/03/16 v1.09 sin cos tan (DPC)
)
(/etc/texmf/tex/latex/config/graphics.cfg
File: graphics.cfg 2009/08/28 v1.8 graphics configuration of TeX Live
)
Package graphics Info: Driver file: pdftex.def on input line 91.

(/usr/share/texmf-texlive/tex/latex/pdftex-def/pdftex.def
File: pdftex.def 2009/08/25 v0.04m Graphics/color for pdfTeX
\Gread@gobject=\count87
))
\Gin@req@height=\dimen103
\Gin@req@width=\dimen104
)
(/usr/share/texmf-texlive/tex/latex/amsmath/amsmath.sty
Package: amsmath 2000/07/18 v2.13 AMS math features
\@mathmargin=\skip44

For additional information on amsmath, use the `?' option.
(/usr/share/texmf-texlive/tex/latex/amsmath/amstext.sty
Package: amstext 2000/06/29 v2.01

(/usr/share/texmf-texlive/tex/latex/amsmath/amsgen.sty
File: amsgen.sty 1999/11/30 v2.0
\@emptytoks=\toks15
\ex@=\dimen105
))
(/usr/share/texmf-texlive/tex/latex/amsmath/amsbsy.sty
Package: amsbsy 1999/11/29 v1.2d
\pmbraise@=\dimen106
)
(/usr/share/texmf-texlive/tex/latex/amsmath/amsopn.sty
Package: amsopn 1999/12/14 v2.01 operator names
)
\inf@bad=\count88
LaTeX Info: Redefining \frac on input line 211.
\uproot@=\count89
\leftroot@=\count90
LaTeX Info: Redefining \overline on input line 307.
\classnum@=\count91
\DOTSCASE@=\count92
LaTeX Info: Redefining \ldots on input line 379.
LaTeX Info: Redefining \dots on input line 382.
LaTeX Info: Redefining \cdots on input line 467.
\Mathstrutbox@=\box26
\strutbox@=\box27
\big@size=\dimen107
LaTeX Font Info:    Redeclaring font encoding OML on input line 567.
LaTeX Font Info:    Redeclaring font encoding OMS on input line 568.
\macc@depth=\count93
\c@MaxMatrixCols=\count94
\dotsspace@=\muskip10
\c@parentequation=\count95
\dspbrk@lvl=\count96
\tag@help=\toks16
\row@=\count97
\column@=\count98
\maxfields@=\count99
\andhelp@=\toks17
\eqnshift@=\dimen108
\alignsep@=\dimen109
\tagshift@=\dimen110
\tagwidth@=\dimen111
\totwidth@=\dimen112
\lineht@=\dimen113
\@envbody=\toks18
\multlinegap=\skip45
\multlinetaggap=\skip46
\mathdisplay@stack=\toks19
LaTeX Info: Redefining \[ on input line 2666.
LaTeX Info: Redefining \] on input line 2667.
)
(/usr/share/texmf-texlive/tex/latex/ltxmisc/url.sty
\Urlmuskip=\muskip11
Package: url 2006/04/12  ver 3.3  Verb mode for urls, etc.
)
(/usr/share/texmf-texlive/tex/latex/mdwtools/syntax.sty
Package: syntax 1996/05/17 1.07 Syntax typesetting (MDW)
\grammarparsep=\skip47
\grammarindent=\dimen114
\sdstartspace=\skip48
\sdendspace=\skip49
\sdmidskip=\skip50
\sdtokskip=\skip51
\sdfinalskip=\skip52
\sdrulewidth=\dimen115
\sdcirclediam=\dimen116
\sdindent=\dimen117
)
(/usr/share/texmf-texlive/tex/latex/listings/listings.sty
\lst@mode=\count100
\lst@gtempboxa=\box28
\lst@token=\toks20
\lst@length=\count101
\lst@currlwidth=\dimen118
\lst@column=\count102
\lst@pos=\count103
\lst@lostspace=\dimen119
\lst@width=\dimen120
\lst@newlines=\count104
\lst@lineno=\count105
\lst@maxwidth=\dimen121

(/usr/share/texmf-texlive/tex/latex/listings/lstmisc.sty
File: lstmisc.sty 2007/02/22 1.4 (Carsten Heinz)
\c@lstnumber=\count106
\lst@skipnumbers=\count107
\lst@framebox=\box29
)
(/usr/share/texmf-texlive/tex/latex/listings/listings.cfg
File: listings.cfg 2007/02/22 1.4 listings configuration
))
Package: listings 2007/02/22 1.4 (Carsten Heinz)

(./no_noise_report.aux)
\openout1 = `no_noise_report.aux'.

LaTeX Font Info:    Checking defaults for OML/cmm/m/it on input line 8.
LaTeX Font Info:    ... okay on input line 8.
LaTeX Font Info:    Checking defaults for T1/cmr/m/n on input line 8.
LaTeX Font Info:    ... okay on input line 8.
LaTeX Font Info:    Checking defaults for OT1/cmr/m/n on input line 8.
LaTeX Font Info:    ... okay on input line 8.
LaTeX Font Info:    Checking defaults for OMS/cmsy/m/n on input line 8.
LaTeX Font Info:    ... okay on input line 8.
LaTeX Font Info:    Checking defaults for OMX/cmex/m/n on input line 8.
LaTeX Font Info:    ... okay on input line 8.
LaTeX Font Info:    Checking defaults for U/cmr/m/n on input line 8.
LaTeX Font Info:    ... okay on input line 8.

(/usr/share/texmf-texlive/tex/context/base/supp-pdf.mkii
[Loading MPS to PDF converter (version 2006.09.02).]
\scratchcounter=\count108
\scratchdimen=\dimen122
\scratchbox=\box30
\nofMPsegments=\count109
\nofMParguments=\count110
\everyMPshowfont=\toks21
\MPscratchCnt=\count111
\MPscratchDim=\dimen123
\MPnumerator=\count112
\everyMPtoPDFconversion=\toks22
)
\c@lstlisting=\count113


LaTeX Warning: No \author given.

<plants.pdf, id=1, 673.51625pt x 117.43875pt>
File: plants.pdf Graphic file (type pdf)
 <use plants.pdf> [1

{/var/lib/texmf/fonts/map/pdftex/updmap/pdftex.map} <./plants.pdf>] [2]
(/usr/share/texmf-texlive/tex/latex/listings/lstlang1.sty
File: lstlang1.sty 2004/09/05 1.3 listings language file
)
(/usr/share/texmf-texlive/tex/latex/listings/lstlang2.sty
File: lstlang2.sty 2004/09/05 1.3 listings language file
)
<plant.pdf, id=21, 57.21375pt x 74.2775pt>
File: plant.pdf Graphic file (type pdf)
 <use plant.pdf>
LaTeX Font Info:    Try loading font information for OMS+cmr on input line 76.

(/usr/share/texmf-texlive/tex/latex/base/omscmr.fd
File: omscmr.fd 1999/05/25 v2.5h Standard LaTeX font definitions
)
LaTeX Font Info:    Font shape `OMS/cmr/m/n' in size <10> not available
(Font)              Font shape `OMS/cmsy/m/n' tried instead on input line 76.
 [3 <./plant.pdf>]
LaTeX Font Info:    Font shape `OT1/cmtt/bx/n' in size <9> not available
(Font)              Font shape `OT1/cmtt/m/n' tried instead on input line 109.

<initData.pdf, id=31, 99.37125pt x 82.3075pt>
File: initData.pdf Graphic file (type pdf)
 <use initData.pdf> [4 <./initData.pdf>] <initProgram.pdf, id=41, 436.63126pt x
 82.3075pt>
File: initProgram.pdf Graphic file (type pdf)
 <use initProgram.pdf>
File: plants.pdf Graphic file (type pdf)

<use plants.pdf>

LaTeX Warning: Reference `prog:genModel' on page 5 undefined on input line 182.


[5 <./initProgram.pdf>] [6]
Overfull \hbox (0.63074pt too wide) in paragraph at lines 269--270
[][][][] 
 []

[7] [8] [9] [10] <csrExample.pdf, id=69, 95.35625pt x 72.27pt>
File: csrExample.pdf Graphic file (type pdf)

<use csrExample.pdf> <csrDecompose1.pdf, id=70, 148.555pt x 82.3075pt>
File: csrDecompose1.pdf Graphic file (type pdf)

<use csrDecompose1.pdf> <csrDecompose2.pdf, id=71, 148.555pt x 82.3075pt>
File: csrDecompose2.pdf Graphic file (type pdf)

<use csrDecompose2.pdf> [11 <./csrExample.pdf>]
<expressionTree.pdf, id=79, 719.68875pt x 344.28625pt>
File: expressionTree.pdf Graphic file (type pdf)

<use expressionTree.pdf>
Overfull \hbox (29.86334pt too wide) in paragraph at lines 475--476
[]\OT1/cmr/m/n/10 Anti-unification pro-ceeds by re-cur-sively com-par-ing two e
x-pres-sions, A and B (per-formed by \OT1/cmtt/m/n/10 build-pattern\OT1/cmr/m/n
/10 ).
 []

[12 <./expressionTree.pdf> <./csrDecompose1.pdf> <./csrDecompose2.pdf>]
[13] [14]
Overfull \hbox (0.36343pt too wide) in paragraph at lines 593--594
\OT1/cmr/m/n/10 The ex-am-ple listed ear-lier where the func-tion F is \OT1/cmt
t/m/n/10 (define (F1 V1 V2) (+ V1 V2)) \OT1/cmr/m/n/10 and the s-expression
 []


LaTeX Warning: Reference `initProgram' on page 15 undefined on input line 602.

[15] [16] [17] [18]

LaTeX Warning: Reference `fig:noisyNumberProgram' on page 19 undefined on input
 line 816.

[19] <noisyNumberProgram.pdf, id=125, 436.63126pt x 49.18375pt>
File: noisyNumberProgram.pdf Graphic file (type pdf)

<use noisyNumberProgram.pdf>

LaTeX Warning: Reference `fig:noisyNumberTrans1' on page 20 undefined on input 
line 845.


Overfull \hbox (46.55888pt too wide) in paragraph at lines 845--846
\OT1/cmr/m/n/10 The whole pro-gram is now ad-justed to in-cor-po-rate the new v
er-sion of \OT1/cmtt/m/n/10 flower \OT1/cmr/m/n/10 us-ing \OT1/cmtt/m/n/10 remo
ve-application-argument\OT1/cmr/m/n/10 .
 []

<noisyNumberTrans1.pdf, id=126, 436.63126pt x 49.18375pt>
File: noisyNumberTrans1.pdf Graphic file (type pdf)

<use noisyNumberTrans1.pdf>

LaTeX Warning: Reference `fig:noisyNumberTrans2' on page 20 undefined on input 
line 865.

[20 <./noisyNumberProgram.pdf> <./noisyNumberTrans1.pdf>]
<noisyNumberTrans2.pdf, id=138, 436.63126pt x 49.18375pt>
File: noisyNumberTrans2.pdf Graphic file (type pdf)

<use noisyNumberTrans2.pdf> [21 <./noisyNumberTrans2.pdf>]

LaTeX Warning: Reference `fig:noisyNumberProgram' on page 22 undefined on input
 line 920.


LaTeX Warning: Reference `fig:sameVarTrans1' on page 22 undefined on input line
 929.

<sameVarTrans1.pdf, id=146, 436.63126pt x 49.18375pt>
File: sameVarTrans1.pdf Graphic file (type pdf)
 <use sameVarTrans1.pdf>

LaTeX Warning: Reference `fig:sameVarTrans2' on page 22 undefined on input line
 949.

<sameVarTrans2.pdf, id=147, 436.63126pt x 49.18375pt>
File: sameVarTrans2.pdf Graphic file (type pdf)
 <use sameVarTrans2.pdf>
[22 <./sameVarTrans1.pdf> <./sameVarTrans2.pdf>]
<recBef.pdf, id=159, 331.2375pt x 58.2175pt>
File: recBef.pdf Graphic file (type pdf)
 <use recBef.pdf>
Overfull \hbox (57.83714pt too wide) in paragraph at lines 1010--1011
\OT1/cmr/m/n/10 move the ar-gu-ment from F1 and any ap-pli-ca-tions of F1 re-su
lt-ing in the pro-gram us-ing \OT1/cmtt/m/n/10 remove-application-argument\OT1/
cmr/m/n/10 . 
 []

<recAft.pdf, id=160, 306.14375pt x 140.525pt>
File: recAft.pdf Graphic file (type pdf)
 <use recAft.pdf> [23 <./recBef.pdf> <./recAft.pdf>] [24]

LaTeX Warning: Reference `noiseCons' on page 25 undefined on input line 1062.

<noisyConstructor.pdf, id=175, 281.05pt x 57.21375pt>
File: noisyConstructor.pdf Graphic file (type pdf)

<use noisyConstructor.pdf> (./no_noise_report.bbl) [25 <./noisyConstructor.pdf>
] (./no_noise_report.aux)

LaTeX Warning: There were undefined references.

 ) 
Here is how much of TeX's memory you used:
 3742 strings out of 495061
 49850 string characters out of 1182621
 308312 words of memory out of 3000000
 6888 multiletter control sequences out of 15000+50000
 11317 words of font info for 42 fonts, out of 3000000 for 9000
 28 hyphenation exceptions out of 8191
 27i,7n,40p,1872b,1521s stack positions out of 5000i,500n,10000p,200000b,50000s
</usr/share/texmf-texlive/fonts/type1/public/amsfonts/cm/cmbx10.pfb></usr/sha
re/texmf-texlive/fonts/type1/public/amsfonts/cm/cmbx12.pfb></usr/share/texmf-te
xlive/fonts/type1/public/amsfonts/cm/cmbx9.pfb></usr/share/texmf-texlive/fonts/
type1/public/amsfonts/cm/cmex10.pfb></usr/share/texmf-texlive/fonts/type1/publi
c/amsfonts/cm/cmitt10.pfb></usr/share/texmf-texlive/fonts/type1/public/amsfonts
/cm/cmmi10.pfb></usr/share/texmf-texlive/fonts/type1/public/amsfonts/cm/cmmi7.p
fb></usr/share/texmf-texlive/fonts/type1/public/amsfonts/cm/cmr10.pfb></usr/sha
re/texmf-texlive/fonts/type1/public/amsfonts/cm/cmr17.pfb></usr/share/texmf-tex
live/fonts/type1/public/amsfonts/cm/cmr7.pfb></usr/share/texmf-texlive/fonts/ty
pe1/public/amsfonts/cm/cmr9.pfb></usr/share/texmf-texlive/fonts/type1/public/am
sfonts/cm/cmsy10.pfb></usr/share/texmf-texlive/fonts/type1/public/amsfonts/cm/c
msy7.pfb></usr/share/texmf-texlive/fonts/type1/public/amsfonts/cm/cmti10.pfb></
usr/share/texmf-texlive/fonts/type1/public/amsfonts/cm/cmtt10.pfb></usr/share/t
exmf-texlive/fonts/type1/public/amsfonts/cm/cmtt9.pfb></usr/share/texmf-texlive
/fonts/type1/public/amsfonts/latxfont/lcircle1.pfb>
Output written on no_noise_report.pdf (25 pages, 403562 bytes).
PDF statistics:
 237 PDF objects out of 1000 (max. 8388607)
 0 named destinations out of 1000 (max. 500000)
 81 words of extra memory for PDF output out of 10000 (max. 10000000)

