This is pdfTeX, Version 3.1415926-1.40.10 (TeX Live 2009/Debian) (format=pdflatex 2011.4.26)  11 MAY 2011 13:39
entering extended mode
 %&-line parsing enabled.
**\input tech_report.tex
(./tech_report.tex (/usr/share/texmf-texlive/tex/latex/base/article.cls
Document Class: article 2007/10/19 v1.4h Standard LaTeX document class
(/usr/share/texmf-texlive/tex/latex/base/size10.clo
File: size10.clo 2007/10/19 v1.4h Standard LaTeX file (size option)
)
\c@part=\count79
\c@section=\count80
\c@subsection=\count81
\c@subsubsection=\count82
\c@paragraph=\count83
\c@subparagraph=\count84
\c@figure=\count85
\c@table=\count86
\abovecaptionskip=\skip41
\belowcaptionskip=\skip42
\bibindent=\dimen102
)
(/usr/share/texmf-texlive/tex/latex/preprint/fullpage.sty
Package: fullpage 1999/02/23 1.1 (PWD)
\FP@margin=\skip43
)
(/usr/share/texmf-texlive/tex/latex/graphics/graphicx.sty
Package: graphicx 1999/02/16 v1.0f Enhanced LaTeX Graphics (DPC,SPQR)

(/usr/share/texmf-texlive/tex/latex/graphics/keyval.sty
Package: keyval 1999/03/16 v1.13 key=value parser (DPC)
\KV@toks@=\toks14
)
(/usr/share/texmf-texlive/tex/latex/graphics/graphics.sty
Package: graphics 2009/02/05 v1.0o Standard LaTeX Graphics (DPC,SPQR)

(/usr/share/texmf-texlive/tex/latex/graphics/trig.sty
Package: trig 1999/03/16 v1.09 sin cos tan (DPC)
)
(/etc/texmf/tex/latex/config/graphics.cfg
File: graphics.cfg 2009/08/28 v1.8 graphics configuration of TeX Live
)
Package graphics Info: Driver file: pdftex.def on input line 91.

(/usr/share/texmf-texlive/tex/latex/pdftex-def/pdftex.def
File: pdftex.def 2009/08/25 v0.04m Graphics/color for pdfTeX
\Gread@gobject=\count87
))
\Gin@req@height=\dimen103
\Gin@req@width=\dimen104
)
(/usr/share/texmf-texlive/tex/latex/amsmath/amsmath.sty
Package: amsmath 2000/07/18 v2.13 AMS math features
\@mathmargin=\skip44

For additional information on amsmath, use the `?' option.
(/usr/share/texmf-texlive/tex/latex/amsmath/amstext.sty
Package: amstext 2000/06/29 v2.01

(/usr/share/texmf-texlive/tex/latex/amsmath/amsgen.sty
File: amsgen.sty 1999/11/30 v2.0
\@emptytoks=\toks15
\ex@=\dimen105
))
(/usr/share/texmf-texlive/tex/latex/amsmath/amsbsy.sty
Package: amsbsy 1999/11/29 v1.2d
\pmbraise@=\dimen106
)
(/usr/share/texmf-texlive/tex/latex/amsmath/amsopn.sty
Package: amsopn 1999/12/14 v2.01 operator names
)
\inf@bad=\count88
LaTeX Info: Redefining \frac on input line 211.
\uproot@=\count89
\leftroot@=\count90
LaTeX Info: Redefining \overline on input line 307.
\classnum@=\count91
\DOTSCASE@=\count92
LaTeX Info: Redefining \ldots on input line 379.
LaTeX Info: Redefining \dots on input line 382.
LaTeX Info: Redefining \cdots on input line 467.
\Mathstrutbox@=\box26
\strutbox@=\box27
\big@size=\dimen107
LaTeX Font Info:    Redeclaring font encoding OML on input line 567.
LaTeX Font Info:    Redeclaring font encoding OMS on input line 568.
\macc@depth=\count93
\c@MaxMatrixCols=\count94
\dotsspace@=\muskip10
\c@parentequation=\count95
\dspbrk@lvl=\count96
\tag@help=\toks16
\row@=\count97
\column@=\count98
\maxfields@=\count99
\andhelp@=\toks17
\eqnshift@=\dimen108
\alignsep@=\dimen109
\tagshift@=\dimen110
\tagwidth@=\dimen111
\totwidth@=\dimen112
\lineht@=\dimen113
\@envbody=\toks18
\multlinegap=\skip45
\multlinetaggap=\skip46
\mathdisplay@stack=\toks19
LaTeX Info: Redefining \[ on input line 2666.
LaTeX Info: Redefining \] on input line 2667.
)
(/usr/share/texmf-texlive/tex/latex/ltxmisc/url.sty
\Urlmuskip=\muskip11
Package: url 2006/04/12  ver 3.3  Verb mode for urls, etc.
)
(/usr/share/texmf-texlive/tex/latex/mdwtools/syntax.sty
Package: syntax 1996/05/17 1.07 Syntax typesetting (MDW)
\grammarparsep=\skip47
\grammarindent=\dimen114
\sdstartspace=\skip48
\sdendspace=\skip49
\sdmidskip=\skip50
\sdtokskip=\skip51
\sdfinalskip=\skip52
\sdrulewidth=\dimen115
\sdcirclediam=\dimen116
\sdindent=\dimen117
) (./tech_report.aux

LaTeX Warning: Label `prog:csrExample' multiply defined.

)
\openout1 = `tech_report.aux'.

LaTeX Font Info:    Checking defaults for OML/cmm/m/it on input line 7.
LaTeX Font Info:    ... okay on input line 7.
LaTeX Font Info:    Checking defaults for T1/cmr/m/n on input line 7.
LaTeX Font Info:    ... okay on input line 7.
LaTeX Font Info:    Checking defaults for OT1/cmr/m/n on input line 7.
LaTeX Font Info:    ... okay on input line 7.
LaTeX Font Info:    Checking defaults for OMS/cmsy/m/n on input line 7.
LaTeX Font Info:    ... okay on input line 7.
LaTeX Font Info:    Checking defaults for OMX/cmex/m/n on input line 7.
LaTeX Font Info:    ... okay on input line 7.
LaTeX Font Info:    Checking defaults for U/cmr/m/n on input line 7.
LaTeX Font Info:    ... okay on input line 7.
 (/usr/share/texmf-texlive/tex/context/base/supp-pdf.mkii
[Loading MPS to PDF converter (version 2006.09.02).]
\scratchcounter=\count100
\scratchdimen=\dimen118
\scratchbox=\box28
\nofMPsegments=\count101
\nofMParguments=\count102
\everyMPshowfont=\toks20
\MPscratchCnt=\count103
\MPscratchDim=\dimen119
\MPnumerator=\count104
\everyMPtoPDFconversion=\toks21
)

LaTeX Warning: No \author given.

<plants.pdf, id=1, 673.51625pt x 117.43875pt>
File: plants.pdf Graphic file (type pdf)
 <use plants.pdf> [1

{/var/lib/texmf/fonts/map/pdftex/updmap/pdftex.map} <./plants.pdf>] [2]
<plant.pdf, id=21, 57.21375pt x 74.2775pt>
File: plant.pdf Graphic file (type pdf)
 <use plant.pdf>
Overfull \hbox (9.02808pt too wide) in paragraph at lines 92--92
[]  \OT1/cmtt/m/n/10 `(node ,(node-data->expression (first plant) ,(map plant->
expression (rest plant))))))[] 
 []

<initData.pdf, id=22, 99.37125pt x 82.3075pt>
File: initData.pdf Graphic file (type pdf)
 <use initData.pdf>

LaTeX Warning: `h' float specifier changed to `ht'.

<initProgram.pdf, id=23, 436.63126pt x 82.3075pt>
File: initProgram.pdf Graphic file (type pdf)
 <use initProgram.pdf>

LaTeX Warning: `h' float specifier changed to `ht'.

File: plants.pdf Graphic file (type pdf)
<use plants.pdf> [3 <./plant.pdf>]

LaTeX Warning: `h' float specifier changed to `ht'.


LaTeX Warning: Citation `initProgram' on page 4 undefined on input line 168.

[4 <./initData.pdf>] [5 <./initProgram.pdf>] [6]
Overfull \hbox (24.77794pt too wide) in paragraph at lines 268--268
[]         \OT1/cmtt/m/n/10 [transformed-programs+ (apply-and-filter-transforma
tions depth cfilter program+)])[] 
 []


Overfull \hbox (24.77794pt too wide) in paragraph at lines 268--268
[]                                 \OT1/cmtt/m/n/10 (depth-iterated-transformat
ions cfilter prog (- depth 1)))[] 
 []

[7]
Overfull \hbox (14.27803pt too wide) in paragraph at lines 318--318
[]                                     \OT1/cmtt/m/n/10 (log-likelihood data (p
rogram+->program prog+) 10)))[] 
 []


Overfull \hbox (19.52798pt too wide) in paragraph at lines 318--318
[]                          \OT1/cmtt/m/n/10 programs posteriors log-likelihood
s log-priors semantics-flags)][] 
 []


Overfull \hbox (19.52798pt too wide) in paragraph at lines 318--318
[]         \OT1/cmtt/m/n/10 [posteriors> (lambda (a b) (> (program+->posterior 
a) (program+->posterior b)))])[] 
 []


Overfull \hbox (30.0279pt too wide) in paragraph at lines 337--337
[] \OT1/cmtt/m/n/10 (let* ([abstraction-sizes (apply + (map abstraction-size (p
rogram->abstractions program)))][] 
 []

[8]
Overfull \hbox (66.77757pt too wide) in paragraph at lines 384--384
[]                          \OT1/cmtt/m/n/10 (sexp-search color? return-paramet
ers (abstraction->pattern abstraction))[] 
 []


Overfull \hbox (35.27785pt too wide) in paragraph at lines 384--384
[] \OT1/cmtt/m/n/10 (let* ([converted-abstractions (map replace-in-abstraction 
(program->abstractions program))][] 
 []


Overfull \hbox (9.02808pt too wide) in paragraph at lines 384--384
[]        \OT1/cmtt/m/n/10 [converted-body (sexp-search color? return-parameter
s (program->body program))])[] 
 []

[9] [10] <csrExample.pdf, id=67, 95.35625pt x 72.27pt>
File: csrExample.pdf Graphic file (type pdf)
 <use csrExample.pdf>
<csrDecompose1.pdf, id=68, 148.555pt x 82.3075pt>
File: csrDecompose1.pdf Graphic file (type pdf)
 <use csrDecompose1.pdf>
<csrDecompose2.pdf, id=69, 148.555pt x 82.3075pt>
File: csrDecompose2.pdf Graphic file (type pdf)
 <use csrDecompose2.pdf>
[11 <./csrExample.pdf> <./csrDecompose1.pdf> <./csrDecompose2.pdf>]
<expressionTree.pdf, id=85, 719.68875pt x 344.28625pt>
File: expressionTree.pdf Graphic file (type pdf)

<use expressionTree.pdf>
Overfull \hbox (29.86334pt too wide) in paragraph at lines 496--497
[]\OT1/cmr/m/n/10 Anti-unification pro-ceeds by re-cur-sively com-par-ing two e
x-pres-sions, A and B (per-formed by \OT1/cmtt/m/n/10 build-pattern\OT1/cmr/m/n
/10 ).
 []


Overfull \hbox (45.77776pt too wide) in paragraph at lines 519--519
[]  \OT1/cmtt/m/n/10 [(and (primitive? expr1) (primitive? expr2)) (if (equal? e
xpr1 expr2) expr1 (add-variable!))][] 
 []

[12 <./expressionTree.pdf>]
Overfull \hbox (3.77812pt too wide) in paragraph at lines 549--549
[]                         \OT1/cmtt/m/n/10 (replace-matches (abstraction->patt
ern compressee) compressor)[] 
 []


Overfull \hbox (56.27766pt too wide) in paragraph at lines 564--564
[]  \OT1/cmtt/m/n/10 (if (false? unified-vars) ;;a function call for the abstra
ction is returned if there is a match[] 
 []

[13]
Overfull \hbox (14.27803pt too wide) in paragraph at lines 564--564
[]         \OT1/cmtt/m/n/10 (map (lambda (var) (replace-matches (rest (assq var
 unified-vars)) abstraction))[] 
 []

[14]
Overfull \hbox (0.36343pt too wide) in paragraph at lines 614--615
\OT1/cmr/m/n/10 The ex-am-ple listed ear-lier where the func-tion F is \OT1/cmt
t/m/n/10 (define (F1 V1 V2) (+ V1 V2)) \OT1/cmr/m/n/10 and the s-expression
 []

[15] [16]
Overfull \hbox (3.77812pt too wide) in paragraph at lines 776--776
[]\OT1/cmtt/m/n/10 (define (remove-abstraction-variable replacement-function pr
ogram abstraction variable)[] 
 []


Overfull \hbox (77.27748pt too wide) in paragraph at lines 776--776
[]        \OT1/cmtt/m/n/10 [variable-definition (replacement-function program a
bstraction variable variable-instances)])[] 
 []


Overfull \hbox (35.27785pt too wide) in paragraph at lines 776--776
[]            \OT1/cmtt/m/n/10 `((lambda (,variable) ,(abstraction->pattern abs
traction)) ,variable-definition)][] 
 []


Overfull \hbox (24.77794pt too wide) in paragraph at lines 776--776
[]     \OT1/cmtt/m/n/10 (make-named-abstraction (abstraction->name abstraction)
 new-pattern new-variables)))))[] 
 []

[17]
Overfull \hbox (14.27803pt too wide) in paragraph at lines 776--776
[] \OT1/cmtt/m/n/10 (let* ([abstraction-patterns (map abstraction->pattern (pro
gram->abstractions program))][] 
 []


Overfull \hbox (19.52798pt too wide) in paragraph at lines 776--776
[] \OT1/cmtt/m/n/10 (let* ([abstraction-applications (program->abstraction-appl
ications program abstraction)][] 
 []


Overfull \hbox (66.77757pt too wide) in paragraph at lines 776--776
[]        \OT1/cmtt/m/n/10 [variable-instances (map (curry ith-argument variabl
e-position) abstraction-applications)])[] 
 []

[18]
Overfull \hbox (14.27803pt too wide) in paragraph at lines 833--833
[]         \OT1/cmtt/m/n/10 [instance-close-to-mean (map (curry close? instance
s-mean) variable-instances)])[] 
 []

<noisyNumberProgram.pdf, id=118, 436.63126pt x 49.18375pt>
File: noisyNumberProgram.pdf Graphic file (type pdf)

<use noisyNumberProgram.pdf>
Overfull \hbox (8.21576pt too wide) in paragraph at lines 835--859
\OT1/cmtt/m/n/10 V2\OT1/cmr/m/n/10 , which are \OT1/cmtt/m/n/10 213 \OT1/cmr/m/
n/10 and \OT1/cmtt/m/n/10 220\OT1/cmr/m/n/10 . The ab-strac-tion, \OT1/cmtt/m/n
/10 flower\OT1/cmr/m/n/10 , is now changed us-ing \OT1/cmtt/m/n/10 remove-abstr
action-variable
 []


LaTeX Warning: `h' float specifier changed to `ht'.

<noisyNumberTrans1.pdf, id=119, 436.63126pt x 49.18375pt>
File: noisyNumberTrans1.pdf Graphic file (type pdf)

<use noisyNumberTrans1.pdf>
Overfull \hbox (46.55888pt too wide) in paragraph at lines 869--895
\OT1/cmr/m/n/10 The whole pro-gram is now ad-justed to in-cor-po-rate the new v
er-sion of \OT1/cmtt/m/n/10 flower \OT1/cmr/m/n/10 us-ing \OT1/cmtt/m/n/10 remo
ve-application-argument\OT1/cmr/m/n/10 .
 []

[19] [20 <./noisyNumberProgram.pdf> <./noisyNumberTrans1.pdf>]
<noisyNumberTrans2.pdf, id=135, 436.63126pt x 49.18375pt>
File: noisyNumberTrans2.pdf Graphic file (type pdf)

<use noisyNumberTrans2.pdf>
Overfull \hbox (30.0279pt too wide) in paragraph at lines 942--942
[]  \OT1/cmtt/m/n/10 (find-matching-variable program abstraction variable-insta
nces possible-match-variables)))[] 
 []


Overfull \hbox (51.02771pt too wide) in paragraph at lines 953--953
[]\OT1/cmtt/m/n/10 (define (find-matching-variable program abstraction variable
-instances possible-match-variables)[] 
 []

[21 <./noisyNumberTrans2.pdf>]
Overfull \hbox (61.52762pt too wide) in paragraph at lines 953--953
[]         \OT1/cmtt/m/n/10 [hypothesis-instances (find-variable-instances prog
ram abstraction hypothesis-variable)])[] 
 []


Overfull \hbox (87.77739pt too wide) in paragraph at lines 953--953
[]    \OT1/cmtt/m/n/10 (find-matching-variable program abstraction variable-ins
tances (rest possible-match-variables))))))[] 
 []

<sameVarTrans1.pdf, id=143, 436.63126pt x 49.18375pt>
File: sameVarTrans1.pdf Graphic file (type pdf)
 <use sameVarTrans1.pdf>
<sameVarTrans2.pdf, id=144, 436.63126pt x 49.18375pt>
File: sameVarTrans2.pdf Graphic file (type pdf)
 <use sameVarTrans2.pdf>

LaTeX Warning: `h' float specifier changed to `ht'.

[22 <./sameVarTrans1.pdf>] <recBef.pdf, id=152, 331.2375pt x 58.2175pt>
File: recBef.pdf Graphic file (type pdf)

<use recBef.pdf> [23 <./sameVarTrans2.pdf> <./recBef.pdf>]
<recAft.pdf, id=164, 306.14375pt x 140.525pt>
File: recAft.pdf Graphic file (type pdf)
 <use recAft.pdf>
Overfull \hbox (57.83714pt too wide) in paragraph at lines 1060--1075
\OT1/cmr/m/n/10 move the ar-gu-ment from F1 and any ap-pli-ca-tions of F1 re-su
lt-ing in the pro-gram us-ing \OT1/cmtt/m/n/10 remove-application-argument\OT1/
cmr/m/n/10 .
 []


LaTeX Warning: Reference `noiseCons' on page 24 undefined on input line 1086.

<noisyConstructor.pdf, id=165, 281.05pt x 57.21375pt>
File: noisyConstructor.pdf Graphic file (type pdf)

<use noisyConstructor.pdf>

LaTeX Warning: `h' float specifier changed to `ht'.

[24 <./recAft.pdf>] (./tech_report.bbl

LaTeX Warning: Empty `thebibliography' environment on input line 3.

) [25 <./noisyConstructor.pdf>] (./tech_report.aux)

LaTeX Warning: There were undefined references.


LaTeX Warning: There were multiply-defined labels.

 ) 
Here is how much of TeX's memory you used:
 1862 strings out of 495061
 22721 string characters out of 1182621
 86790 words of memory out of 3000000
 5035 multiletter control sequences out of 15000+50000
 10144 words of font info for 37 fonts, out of 3000000 for 9000
 28 hyphenation exceptions out of 8191
 27i,7n,20p,1868b,263s stack positions out of 5000i,500n,10000p,200000b,50000s
</usr/share/texmf-texlive/fonts/type1/public/amsfonts/cm/cmbx10.pfb></usr/sha
re/texmf-texlive/fonts/type1/public/amsfonts/cm/cmbx12.pfb></usr/share/texmf-te
xlive/fonts/type1/public/amsfonts/cm/cmbx9.pfb></usr/share/texmf-texlive/fonts/
type1/public/amsfonts/cm/cmex10.pfb></usr/share/texmf-texlive/fonts/type1/publi
c/amsfonts/cm/cmmi10.pfb></usr/share/texmf-texlive/fonts/type1/public/amsfonts/
cm/cmmi7.pfb></usr/share/texmf-texlive/fonts/type1/public/amsfonts/cm/cmr10.pfb
></usr/share/texmf-texlive/fonts/type1/public/amsfonts/cm/cmr17.pfb></usr/share
/texmf-texlive/fonts/type1/public/amsfonts/cm/cmr7.pfb></usr/share/texmf-texliv
e/fonts/type1/public/amsfonts/cm/cmr9.pfb></usr/share/texmf-texlive/fonts/type1
/public/amsfonts/cm/cmsy10.pfb></usr/share/texmf-texlive/fonts/type1/public/ams
fonts/cm/cmsy7.pfb></usr/share/texmf-texlive/fonts/type1/public/amsfonts/cm/cmt
i10.pfb></usr/share/texmf-texlive/fonts/type1/public/amsfonts/cm/cmtt10.pfb>
Output written on tech_report.pdf (25 pages, 345734 bytes).
PDF statistics:
 225 PDF objects out of 1000 (max. 8388607)
 0 named destinations out of 1000 (max. 500000)
 81 words of extra memory for PDF output out of 10000 (max. 10000000)

