This is pdfTeX, Version 3.1415926-1.40.10 (TeX Live 2009/Debian) (format=pdflatex 2011.4.26)  1 JUL 2011 15:18
entering extended mode
 %&-line parsing enabled.
**\input tech_reportv5.tex
(./tech_reportv5.tex (/usr/share/texmf-texlive/tex/latex/base/article.cls
Document Class: article 2007/10/19 v1.4h Standard LaTeX document class
(/usr/share/texmf-texlive/tex/latex/base/size10.clo
File: size10.clo 2007/10/19 v1.4h Standard LaTeX file (size option)
)
\c@part=\count79
\c@section=\count80
\c@subsection=\count81
\c@subsubsection=\count82
\c@paragraph=\count83
\c@subparagraph=\count84
\c@figure=\count85
\c@table=\count86
\abovecaptionskip=\skip41
\belowcaptionskip=\skip42
\bibindent=\dimen102
)
(/usr/share/texmf-texlive/tex/latex/preprint/fullpage.sty
Package: fullpage 1999/02/23 1.1 (PWD)
\FP@margin=\skip43
)
(/usr/share/texmf-texlive/tex/latex/graphics/graphicx.sty
Package: graphicx 1999/02/16 v1.0f Enhanced LaTeX Graphics (DPC,SPQR)

(/usr/share/texmf-texlive/tex/latex/graphics/keyval.sty
Package: keyval 1999/03/16 v1.13 key=value parser (DPC)
\KV@toks@=\toks14
)
(/usr/share/texmf-texlive/tex/latex/graphics/graphics.sty
Package: graphics 2009/02/05 v1.0o Standard LaTeX Graphics (DPC,SPQR)

(/usr/share/texmf-texlive/tex/latex/graphics/trig.sty
Package: trig 1999/03/16 v1.09 sin cos tan (DPC)
)
(/etc/texmf/tex/latex/config/graphics.cfg
File: graphics.cfg 2009/08/28 v1.8 graphics configuration of TeX Live
)
Package graphics Info: Driver file: pdftex.def on input line 91.

(/usr/share/texmf-texlive/tex/latex/pdftex-def/pdftex.def
File: pdftex.def 2009/08/25 v0.04m Graphics/color for pdfTeX
\Gread@gobject=\count87
))
\Gin@req@height=\dimen103
\Gin@req@width=\dimen104
)
(/usr/share/texmf-texlive/tex/latex/amsmath/amsmath.sty
Package: amsmath 2000/07/18 v2.13 AMS math features
\@mathmargin=\skip44

For additional information on amsmath, use the `?' option.
(/usr/share/texmf-texlive/tex/latex/amsmath/amstext.sty
Package: amstext 2000/06/29 v2.01

(/usr/share/texmf-texlive/tex/latex/amsmath/amsgen.sty
File: amsgen.sty 1999/11/30 v2.0
\@emptytoks=\toks15
\ex@=\dimen105
))
(/usr/share/texmf-texlive/tex/latex/amsmath/amsbsy.sty
Package: amsbsy 1999/11/29 v1.2d
\pmbraise@=\dimen106
)
(/usr/share/texmf-texlive/tex/latex/amsmath/amsopn.sty
Package: amsopn 1999/12/14 v2.01 operator names
)
\inf@bad=\count88
LaTeX Info: Redefining \frac on input line 211.
\uproot@=\count89
\leftroot@=\count90
LaTeX Info: Redefining \overline on input line 307.
\classnum@=\count91
\DOTSCASE@=\count92
LaTeX Info: Redefining \ldots on input line 379.
LaTeX Info: Redefining \dots on input line 382.
LaTeX Info: Redefining \cdots on input line 467.
\Mathstrutbox@=\box26
\strutbox@=\box27
\big@size=\dimen107
LaTeX Font Info:    Redeclaring font encoding OML on input line 567.
LaTeX Font Info:    Redeclaring font encoding OMS on input line 568.
\macc@depth=\count93
\c@MaxMatrixCols=\count94
\dotsspace@=\muskip10
\c@parentequation=\count95
\dspbrk@lvl=\count96
\tag@help=\toks16
\row@=\count97
\column@=\count98
\maxfields@=\count99
\andhelp@=\toks17
\eqnshift@=\dimen108
\alignsep@=\dimen109
\tagshift@=\dimen110
\tagwidth@=\dimen111
\totwidth@=\dimen112
\lineht@=\dimen113
\@envbody=\toks18
\multlinegap=\skip45
\multlinetaggap=\skip46
\mathdisplay@stack=\toks19
LaTeX Info: Redefining \[ on input line 2666.
LaTeX Info: Redefining \] on input line 2667.
)
(/usr/share/texmf-texlive/tex/latex/ltxmisc/url.sty
\Urlmuskip=\muskip11
Package: url 2006/04/12  ver 3.3  Verb mode for urls, etc.
)
(/usr/share/texmf-texlive/tex/latex/mdwtools/syntax.sty
Package: syntax 1996/05/17 1.07 Syntax typesetting (MDW)
\grammarparsep=\skip47
\grammarindent=\dimen114
\sdstartspace=\skip48
\sdendspace=\skip49
\sdmidskip=\skip50
\sdtokskip=\skip51
\sdfinalskip=\skip52
\sdrulewidth=\dimen115
\sdcirclediam=\dimen116
\sdindent=\dimen117
)
(/usr/share/texmf-texlive/tex/latex/listings/listings.sty
\lst@mode=\count100
\lst@gtempboxa=\box28
\lst@token=\toks20
\lst@length=\count101
\lst@currlwidth=\dimen118
\lst@column=\count102
\lst@pos=\count103
\lst@lostspace=\dimen119
\lst@width=\dimen120
\lst@newlines=\count104
\lst@lineno=\count105
\lst@maxwidth=\dimen121

(/usr/share/texmf-texlive/tex/latex/listings/lstmisc.sty
File: lstmisc.sty 2007/02/22 1.4 (Carsten Heinz)
\c@lstnumber=\count106
\lst@skipnumbers=\count107
\lst@framebox=\box29
)
(/usr/share/texmf-texlive/tex/latex/listings/listings.cfg
File: listings.cfg 2007/02/22 1.4 listings configuration
))
Package: listings 2007/02/22 1.4 (Carsten Heinz)

(./tech_reportv5.aux)
\openout1 = `tech_reportv5.aux'.

LaTeX Font Info:    Checking defaults for OML/cmm/m/it on input line 8.
LaTeX Font Info:    ... okay on input line 8.
LaTeX Font Info:    Checking defaults for T1/cmr/m/n on input line 8.
LaTeX Font Info:    ... okay on input line 8.
LaTeX Font Info:    Checking defaults for OT1/cmr/m/n on input line 8.
LaTeX Font Info:    ... okay on input line 8.
LaTeX Font Info:    Checking defaults for OMS/cmsy/m/n on input line 8.
LaTeX Font Info:    ... okay on input line 8.
LaTeX Font Info:    Checking defaults for OMX/cmex/m/n on input line 8.
LaTeX Font Info:    ... okay on input line 8.
LaTeX Font Info:    Checking defaults for U/cmr/m/n on input line 8.
LaTeX Font Info:    ... okay on input line 8.
 (/usr/share/texmf-texlive/tex/context/base/supp-pdf.mkii
[Loading MPS to PDF converter (version 2006.09.02).]
\scratchcounter=\count108
\scratchdimen=\dimen122
\scratchbox=\box30
\nofMPsegments=\count109
\nofMParguments=\count110
\everyMPshowfont=\toks21
\MPscratchCnt=\count111
\MPscratchDim=\dimen123
\MPnumerator=\count112
\everyMPtoPDFconversion=\toks22
)
\c@lstlisting=\count113
 <trees.pdf, id=1, 317.185pt x 227.85126pt>
File: trees.pdf Graphic file (type pdf)
 <use trees.pdf> [1

{/var/lib/texmf/fonts/map/pdftex/updmap/pdftex.map} <./trees.pdf>] [2]
(/usr/share/texmf-texlive/tex/latex/listings/lstlang1.sty
File: lstlang1.sty 2004/09/05 1.3 listings language file
)
(/usr/share/texmf-texlive/tex/latex/listings/lstlang2.sty
File: lstlang2.sty 2004/09/05 1.3 listings language file
)
<tree.pdf, id=22, 57.21375pt x 74.2775pt>
File: tree.pdf Graphic file (type pdf)
 <use tree.pdf>
LaTeX Font Info:    Try loading font information for OMS+cmr on input line 79.

(/usr/share/texmf-texlive/tex/latex/base/omscmr.fd
File: omscmr.fd 1999/05/25 v2.5h Standard LaTeX font definitions
)
LaTeX Font Info:    Font shape `OMS/cmr/m/n' in size <10> not available
(Font)              Font shape `OMS/cmsy/m/n' tried instead on input line 79.
 [3 <./tree.pdf>]
LaTeX Font Info:    Font shape `OT1/cmtt/bx/n' in size <9> not available
(Font)              Font shape `OT1/cmtt/m/n' tried instead on input line 95.

<initData.pdf, id=32, 99.37125pt x 82.3075pt>
File: initData.pdf Graphic file (type pdf)
 <use initData.pdf>
<initProgram.pdf, id=33, 436.63126pt x 82.3075pt>
File: initProgram.pdf Graphic file (type pdf)
 <use initProgram.pdf>
[4 <./initData.pdf>] <trees2.pdf, id=43, 631.35875pt x 232.87pt>
File: trees2.pdf Graphic file (type pdf)

<use trees2.pdf> [5 <./initProgram.pdf> <./trees2.pdf>] [6] [7] [8] [9]
[10] [11] <csrExample.pdf, id=79, 95.35625pt x 72.27pt>
File: csrExample.pdf Graphic file (type pdf)
 <use csrExample.pdf>
<csrDecompose1.pdf, id=80, 148.555pt x 82.3075pt>
File: csrDecompose1.pdf Graphic file (type pdf)
 <use csrDecompose1.pdf>
<csrDecompose2.pdf, id=81, 148.555pt x 82.3075pt>
File: csrDecompose2.pdf Graphic file (type pdf)
 <use csrDecompose2.pdf>
<expressionTree.pdf, id=82, 719.68875pt x 344.28625pt>
File: expressionTree.pdf Graphic file (type pdf)

<use expressionTree.pdf>

LaTeX Warning: `h' float specifier changed to `ht'.


Overfull \hbox (29.86334pt too wide) in paragraph at lines 467--468
[]\OT1/cmr/m/n/10 Anti-unification pro-ceeds by re-cur-sively com-par-ing two e
x-pres-sions, A and B (per-formed by \OT1/cmtt/m/n/10 build-pattern\OT1/cmr/m/n
/10 ).
 []

[12 <./csrExample.pdf> <./csrDecompose1.pdf> <./csrDecompose2.pdf>] [13 <./expr
essionTree.pdf>] [14] [15]
Overfull \hbox (0.36343pt too wide) in paragraph at lines 582--583
\OT1/cmr/m/n/10 The ex-am-ple listed ear-lier where the func-tion F is \OT1/cmt
t/m/n/10 (define (F1 V1 V2) (+ V1 V2)) \OT1/cmr/m/n/10 and the s-expression
 []

[16] [17] [18] <noisyNumberProgram.pdf, id=130, 436.63126pt x 49.18375pt>
File: noisyNumberProgram.pdf Graphic file (type pdf)

<use noisyNumberProgram.pdf>
Overfull \hbox (46.55888pt too wide) in paragraph at lines 750--751
\OT1/cmr/m/n/10 The whole pro-gram is now ad-justed to in-cor-po-rate the new v
er-sion of \OT1/cmtt/m/n/10 flower \OT1/cmr/m/n/10 us-ing \OT1/cmtt/m/n/10 remo
ve-application-argument\OT1/cmr/m/n/10 .
 []

[19 <./noisyNumberProgram.pdf>]
<noisyNumberTrans1.pdf, id=139, 436.63126pt x 49.18375pt>
File: noisyNumberTrans1.pdf Graphic file (type pdf)

<use noisyNumberTrans1.pdf>
<noisyNumberTrans2.pdf, id=140, 436.63126pt x 49.18375pt>
File: noisyNumberTrans2.pdf Graphic file (type pdf)

<use noisyNumberTrans2.pdf> [20 <./noisyNumberTrans1.pdf> <./noisyNumberTrans2.
pdf>] <sameVarTrans1.pdf, id=152, 436.63126pt x 49.18375pt>
File: sameVarTrans1.pdf Graphic file (type pdf)

<use sameVarTrans1.pdf> <sameVarTrans2.pdf, id=153, 436.63126pt x 49.18375pt>
File: sameVarTrans2.pdf Graphic file (type pdf)

<use sameVarTrans2.pdf> [21 <./sameVarTrans1.pdf>]
Overfull \hbox (13.44841pt too wide) in paragraph at lines 863--864
\OT1/cmr/m/n/10 We il-lus-trate how re-cur-sive pat-terns can be dis-cov-ered u
s-ing Dear-gu-men-ta-tion and a \OT1/cmtt/m/n/10 replacement-function
 []

[22 <./sameVarTrans2.pdf>] <recBef.pdf, id=168, 331.2375pt x 58.2175pt>
File: recBef.pdf Graphic file (type pdf)

<use recBef.pdf>
Overfull \hbox (57.83714pt too wide) in paragraph at lines 930--931
\OT1/cmr/m/n/10 move the ar-gu-ment from F1 and any ap-pli-ca-tions of F1 re-su
lt-ing in the pro-gram us-ing \OT1/cmtt/m/n/10 remove-application-argument\OT1/
cmr/m/n/10 . 
 []

<recAft.pdf, id=169, 306.14375pt x 140.525pt>
File: recAft.pdf Graphic file (type pdf)
 <use recAft.pdf> [23 <./recBef.pdf> <./recAft.pdf>] <single-color-data.pdf, id
=181, 436.63126pt x 49.18375pt>
File: single-color-data.pdf Graphic file (type pdf)

<use single-color-data.pdf>
<single-color-model.pdf, id=182, 858.20625pt x 49.18375pt>
File: single-color-model.pdf Graphic file (type pdf)

<use single-color-model.pdf> [24 <./single-color-data.pdf> <./single-color-mode
l.pdf>] <paramPartsData.pdf, id=194, 436.63126pt x 49.18375pt>
File: paramPartsData.pdf Graphic file (type pdf)

<use paramPartsData.pdf>
<paramPartsModelData.pdf, id=195, 858.20625pt x 49.18375pt>
File: paramPartsModelData.pdf Graphic file (type pdf)

<use paramPartsModelData.pdf>
<recursionData.pdf, id=196, 147.55125pt x 290.08376pt>
File: recursionData.pdf Graphic file (type pdf)
 <use recursionData.pdf>
[25 <./paramPartsData.pdf> <./paramPartsModelData.pdf> <./recursionData.pdf>]
<recursionModel.pdf, id=213, 547.04375pt x 522.95375pt>
File: recursionModel.pdf Graphic file (type pdf)

<use recursionModel.pdf> <vineData.pdf, id=214, 146.5475pt x 198.7425pt>
File: vineData.pdf Graphic file (type pdf)

<use vineData.pdf> [26 <./recursionModel.pdf> <./vineData.pdf>]
<vineModel.pdf, id=226, 1807.75375pt x 398.48875pt>
File: vineModel.pdf Graphic file (type pdf)
 <use vineModel.pdf>
<treeData.pdf, id=227, 159.59625pt x 168.63pt>
File: treeData.pdf Graphic file (type pdf)
 <use treeData.pdf> [27 <./vineModel.pdf> <./treeData.pdf>] <treeModel.pdf, id=
239, 739.76375pt x 255.95625pt>
File: treeModel.pdf Graphic file (type pdf)

<use treeModel.pdf> <noisyConstructor.pdf, id=240, 281.05pt x 57.21375pt>
File: noisyConstructor.pdf Graphic file (type pdf)

<use noisyConstructor.pdf> [28 <./treeModel.pdf> <./noisyConstructor.pdf>]
<learnnoise-data.pdf, id=252, 245.91875pt x 61.22874pt>
File: learnnoise-data.pdf Graphic file (type pdf)

<use learnnoise-data.pdf> [29 <./learnnoise-data.pdf>]
<learnnoise-output.pdf, id=260, 476.78125pt x 61.22874pt>
File: learnnoise-output.pdf Graphic file (type pdf)

<use learnnoise-output.pdf> (./tech_reportv5.bbl [30 <./learnnoise-output.pdf>]
) [31] (./tech_reportv5.aux) ) 
Here is how much of TeX's memory you used:
 3856 strings out of 495061
 51983 string characters out of 1182621
 200665 words of memory out of 3000000
 6988 multiletter control sequences out of 15000+50000
 11485 words of font info for 43 fonts, out of 3000000 for 9000
 28 hyphenation exceptions out of 8191
 27i,8n,40p,1931b,1519s stack positions out of 5000i,500n,10000p,200000b,50000s
</usr/share/texmf-texlive/fonts/type1/public/amsf
onts/cm/cmbx10.pfb></usr/share/texmf-texlive/fonts/type1/public/amsfonts/cm/cmb
x12.pfb></usr/share/texmf-texlive/fonts/type1/public/amsfonts/cm/cmbx9.pfb></us
r/share/texmf-texlive/fonts/type1/public/amsfonts/cm/cmex10.pfb></usr/share/tex
mf-texlive/fonts/type1/public/amsfonts/cm/cmitt10.pfb></usr/share/texmf-texlive
/fonts/type1/public/amsfonts/cm/cmmi10.pfb></usr/share/texmf-texlive/fonts/type
1/public/amsfonts/cm/cmmi7.pfb></usr/share/texmf-texlive/fonts/type1/public/ams
fonts/cm/cmr10.pfb></usr/share/texmf-texlive/fonts/type1/public/amsfonts/cm/cmr
12.pfb></usr/share/texmf-texlive/fonts/type1/public/amsfonts/cm/cmr17.pfb></usr
/share/texmf-texlive/fonts/type1/public/amsfonts/cm/cmr6.pfb></usr/share/texmf-
texlive/fonts/type1/public/amsfonts/cm/cmr7.pfb></usr/share/texmf-texlive/fonts
/type1/public/amsfonts/cm/cmr8.pfb></usr/share/texmf-texlive/fonts/type1/public
/amsfonts/cm/cmr9.pfb></usr/share/texmf-texlive/fonts/type1/public/amsfonts/cm/
cmsy10.pfb></usr/share/texmf-texlive/fonts/type1/public/amsfonts/cm/cmsy7.pfb><
/usr/share/texmf-texlive/fonts/type1/public/amsfonts/cm/cmti10.pfb></usr/share/
texmf-texlive/fonts/type1/public/amsfonts/cm/cmtt10.pfb></usr/share/texmf-texli
ve/fonts/type1/public/amsfonts/cm/cmtt8.pfb></usr/share/texmf-texlive/fonts/typ
e1/public/amsfonts/cm/cmtt9.pfb></usr/share/texmf-texlive/fonts/type1/public/am
sfonts/latxfont/lcircle1.pfb>
Output written on tech_reportv5.pdf (31 pages, 800781 bytes).
PDF statistics:
 337 PDF objects out of 1000 (max. 8388607)
 0 named destinations out of 1000 (max. 500000)
 146 words of extra memory for PDF output out of 10000 (max. 10000000)

