\BOOKMARK [1][-]{section.1}{Introduction}{}
\BOOKMARK [2][-]{subsection.1.1}{Bayesian model merging}{section.1}
\BOOKMARK [2][-]{subsection.1.2}{Bayesian program merging}{section.1}
\BOOKMARK [1][-]{section.2}{Data representation and program language}{}
\BOOKMARK [2][-]{subsection.2.1}{Data and program representation in the list domain}{section.2}
\BOOKMARK [2][-]{subsection.2.2}{Data incorporation}{section.2}
\BOOKMARK [1][-]{section.3}{Objective: Posterior probability of probabilistic programs}{}
\BOOKMARK [2][-]{subsection.3.1}{Abstract syntax utilities}{section.3}
\BOOKMARK [2][-]{subsection.3.2}{Posterior probability}{section.3}
\BOOKMARK [2][-]{subsection.3.3}{Likelihood estimation in the list domain}{section.3}
\BOOKMARK [1][-]{section.4}{Search over program space}{}
\BOOKMARK [1][-]{section.5}{Program transformations}{}
\BOOKMARK [2][-]{subsection.5.1}{Abstraction}{section.5}
\BOOKMARK [3][-]{subsubsection.5.1.1}{Anti-unification}{subsection.5.1}
\BOOKMARK [3][-]{subsubsection.5.1.2}{Refactoring programs}{subsection.5.1}
\BOOKMARK [3][-]{subsubsection.5.1.3}{Unification}{subsection.5.1}
\BOOKMARK [3][-]{subsubsection.5.1.4}{Summary}{subsection.5.1}
\BOOKMARK [2][-]{subsection.5.2}{Deargumentation}{section.5}
\BOOKMARK [3][-]{subsubsection.5.2.1}{Compactly representing noisy data}{subsection.5.2}
\BOOKMARK [3][-]{subsubsection.5.2.2}{Merging identical variables}{subsection.5.2}
\BOOKMARK [3][-]{subsubsection.5.2.3}{Inducing recursive functions}{subsection.5.2}
\BOOKMARK [3][-]{subsubsection.5.2.4}{Inducing noisy data constructors}{subsection.5.2}
\BOOKMARK [3][-]{subsubsection.5.2.5}{Deargumentation as program induction}{subsection.5.2}
\BOOKMARK [1][-]{section.6}{Examples}{}
\BOOKMARK [2][-]{subsection.6.1}{Single color flower}{section.6}
\BOOKMARK [2][-]{subsection.6.2}{Multiple color flower}{section.6}
\BOOKMARK [2][-]{subsection.6.3}{Recursion}{section.6}
\BOOKMARK [2][-]{subsection.6.4}{Vine}{section.6}
\BOOKMARK [2][-]{subsection.6.5}{Tree}{section.6}
\BOOKMARK [1][-]{section.7}{Conclusion}{}
